<?xml version="1.0" encoding="UTF-8"?>
<!-- Generated by org.testng.reporters.JUnitXMLReporter -->
<testsuite ignored="0" hostname="DESKTOP-AAQ53LS" failures="1" tests="6" name="Test" time="97.978" errors="0" timestamp="2024-09-27T17:51:59 IST">
  <testcase classname="testClass.TC003_LoginDDT" name="verify_loginDDT" time="11.143"/>
  <testcase classname="testClass.TC003_LoginDDT" name="verify_loginDDT" time="1.948"/>
  <testcase classname="testClass.TC003_LoginDDT" name="verify_loginDDT" time="18.437">
    <failure type="java.lang.AssertionError" message="expected [true] but found [false]">
      <![CDATA[java.lang.AssertionError: expected [true] but found [false]
at testClass.TC003_LoginDDT.verify_loginDDT(TC003_LoginDDT.java:57)
at java.base/java.util.ArrayList.forEach(ArrayList.java:1597)
... Removed 29 stack frames]]>
    </failure>
  </testcase> <!-- verify_loginDDT -->
  <testcase classname="testClass.TC003_LoginDDT" name="verify_loginDDT" time="13.108"/>
  <testcase classname="testClass.TC003_LoginDDT" name="verify_loginDDT" time="3.419"/>
  <testcase classname="testClass.TC003_LoginDDT" name="verify_loginDDT" time="11.099"/>
</testsuite> <!-- Test -->
